2022-05-18T22:33:33.025120+0500 INFO access_list: ['+79655574499']
2022-05-18T22:34:33.729199+0500 INFO access_list: [
2022-05-18T22:34:33.729199+0500 INFO access_list: '
2022-05-18T22:34:33.729199+0500 INFO access_list: +
2022-05-18T22:34:33.729199+0500 INFO access_list: 7
2022-05-18T22:34:33.729199+0500 INFO access_list: 9
2022-05-18T22:34:33.729199+0500 INFO access_list: 6
2022-05-18T22:34:33.729199+0500 INFO access_list: 5
2022-05-18T22:34:33.729199+0500 INFO access_list: 5
2022-05-18T22:34:33.729199+0500 INFO access_list: 5
2022-05-18T22:34:33.730199+0500 INFO access_list: 7
2022-05-18T22:34:33.730199+0500 INFO access_list: 4
2022-05-18T22:34:33.730199+0500 INFO access_list: 4
2022-05-18T22:34:33.730199+0500 INFO access_list: 9
2022-05-18T22:34:33.730199+0500 INFO access_list: 9
2022-05-18T22:34:33.730199+0500 INFO access_list: '
2022-05-18T22:34:33.730199+0500 INFO access_list: ]
2022-05-18T22:35:22.489103+0500 INFO type of access_list: <class 'str'>
2022-05-18T22:46:05.834752+0500 INFO user_phone:+79655574499
2022-05-18T22:54:26.517528+0500 INFO user_phone:+79655574499
2022-05-18T22:54:54.787062+0500 INFO user_phone:+79655574499
2022-08-04T17:06:36.811060+0500 INFO user_phone:79655574499
2022-08-04T17:47:51.619392+0500 INFO user_phone:+79655574499
2022-08-04T22:32:17.119893+0500 INFO dict_for_text: {'btc_rub': '1393600.02', 'btc_usd': '23127.22', 'asset_actual_rub': '23062.74', 'profit_rub': '-28818.33', 'profit_percent': '-55.74'}
